(base) sgh185s-MacBook-Pro:printf sgh185$ make flash
BUILD OPTIONS:
  Version     f57a
  Chip        nrf52840
  RAM         256 kB
  FLASH       1024 kB
  SDK         15
  SoftDevice  blank 0
  Board       PCA10056
 
 DIR        _build
  CC        main.c
  CC        /Users/sgh185/nu-wirelessiot-base/software/boards/nrf52840dk-ble/./better_error_handling.c
  CC        ../../nrf52x-base//sdk/nrf5_sdk_15.3.0/external/segger_rtt/SEGGER_RTT.c
  CC        ../../nrf52x-base//sdk/nrf5_sdk_15.3.0/external/segger_rtt/SEGGER_RTT_Syscalls_GCC.c
  CC        ../../nrf52x-base//sdk/nrf5_sdk_15.3.0/external/segger_rtt/SEGGER_RTT_printf.c
  CC        ../../nrf52x-base//sdk/nrf5_sdk_15.3.0/components/libraries/util/app_error.c
  CC        ../../nrf52x-base//sdk/nrf5_sdk_15.3.0/components/libraries/util/app_error_handler_gcc.c
  CC        ../../nrf52x-base//sdk/nrf5_sdk_15.3.0/components/libraries/pwm/app_pwm.c
  CC        ../../nrf52x-base//sdk/nrf5_sdk_15.3.0/components/libraries/scheduler/app_scheduler.c
  CC        ../../nrf52x-base//sdk/nrf5_sdk_15.3.0/components/libraries/timer/app_timer.c
  CC        ../../nrf52x-base//sdk/nrf5_sdk_15.3.0/components/libraries/uart/app_uart.c
  CC        ../../nrf52x-base//sdk/nrf5_sdk_15.3.0/components/libraries/util/app_util_platform.c
  CC        ../../nrf52x-base//lib/before_startup/before_startup.c
  CC        ../../nrf52x-base//sdk/nrf5_sdk_15.3.0/components/libraries/hardfault/nrf52/handler/hardfault_handler_gcc.c
  CC        ../../nrf52x-base//sdk/nrf5_sdk_15.3.0/components/libraries/hardfault/hardfault_implementation.c
  CC        ../../nrf52x-base//sdk/nrf5_sdk_15.3.0/components/libraries/util/nrf_assert.c
  CC        ../../nrf52x-base//sdk/nrf5_sdk_15.3.0/components/libraries/atomic/nrf_atomic.c
  CC        ../../nrf52x-base//sdk/nrf5_sdk_15.3.0/components/libraries/balloc/nrf_balloc.c
  CC        ../../nrf52x-base//sdk/nrf5_sdk_15.3.0/integration/nrfx/legacy/nrf_drv_clock.c
  CC        ../../nrf52x-base//sdk/nrf5_sdk_15.3.0/integration/nrfx/legacy/nrf_drv_ppi.c
  CC        ../../nrf52x-base//sdk/nrf5_sdk_15.3.0/integration/nrfx/legacy/nrf_drv_spi.c
  CC        ../../nrf52x-base//sdk/nrf5_sdk_15.3.0/integration/nrfx/legacy/nrf_drv_twi.c
  CC        ../../nrf52x-base//sdk/nrf5_sdk_15.3.0/integration/nrfx/legacy/nrf_drv_uart.c
  CC        ../../nrf52x-base//sdk/nrf5_sdk_15.3.0/external/fprintf/nrf_fprintf.c
  CC        ../../nrf52x-base//sdk/nrf5_sdk_15.3.0/external/fprintf/nrf_fprintf_format.c
  CC        ../../nrf52x-base//sdk/nrf5_sdk_15.3.0/components/libraries/fstorage/nrf_fstorage.c
  CC        ../../nrf52x-base//sdk/nrf5_sdk_15.3.0/components/libraries/log/src/nrf_log_backend_rtt.c
  CC        ../../nrf52x-base//sdk/nrf5_sdk_15.3.0/components/libraries/log/src/nrf_log_backend_serial.c
  CC        ../../nrf52x-base//sdk/nrf5_sdk_15.3.0/components/libraries/log/src/nrf_log_backend_uart.c
  CC        ../../nrf52x-base//sdk/nrf5_sdk_15.3.0/components/libraries/log/src/nrf_log_default_backends.c
  CC        ../../nrf52x-base//sdk/nrf5_sdk_15.3.0/components/libraries/log/src/nrf_log_frontend.c
  CC        ../../nrf52x-base//sdk/nrf5_sdk_15.3.0/components/libraries/log/src/nrf_log_str_formatter.c
  CC        ../../nrf52x-base//sdk/nrf5_sdk_15.3.0/components/libraries/memobj/nrf_memobj.c
  CC        ../../nrf52x-base//sdk/nrf5_sdk_15.3.0/modules/nrfx/hal/nrf_nvmc.c
  CC        ../../nrf52x-base//sdk/nrf5_sdk_15.3.0/components/libraries/pwr_mgmt/nrf_pwr_mgmt.c
  CC        ../../nrf52x-base//sdk/nrf5_sdk_15.3.0/components/libraries/queue/nrf_queue.c
  CC        ../../nrf52x-base//sdk/nrf5_sdk_15.3.0/components/libraries/ringbuf/nrf_ringbuf.c
  CC        ../../nrf52x-base//sdk/nrf5_sdk_15.3.0/components/libraries/experimental_section_vars/nrf_section_iter.c
  CC        ../../nrf52x-base//sdk/nrf5_sdk_15.3.0/components/libraries/serial/nrf_serial.c
  CC        ../../nrf52x-base//sdk/nrf5_sdk_15.3.0/components/libraries/strerror/nrf_strerror.c
  CC        ../../nrf52x-base//sdk/nrf5_sdk_15.3.0/components/libraries/twi_mngr/nrf_twi_mngr.c
  CC        ../../nrf52x-base//sdk/nrf5_sdk_15.3.0/modules/nrfx/drivers/src/nrfx_clock.c
  CC        ../../nrf52x-base//sdk/nrf5_sdk_15.3.0/modules/nrfx/drivers/src/nrfx_gpiote.c
  CC        ../../nrf52x-base//sdk/nrf5_sdk_15.3.0/modules/nrfx/drivers/src/nrfx_ppi.c
  CC        ../../nrf52x-base//sdk/nrf5_sdk_15.3.0/modules/nrfx/drivers/src/prs/nrfx_prs.c
  CC        ../../nrf52x-base//sdk/nrf5_sdk_15.3.0/modules/nrfx/drivers/src/nrfx_pwm.c
  CC        ../../nrf52x-base//sdk/nrf5_sdk_15.3.0/modules/nrfx/drivers/src/nrfx_saadc.c
  CC        ../../nrf52x-base//sdk/nrf5_sdk_15.3.0/modules/nrfx/drivers/src/nrfx_spi.c
  CC        ../../nrf52x-base//sdk/nrf5_sdk_15.3.0/modules/nrfx/drivers/src/nrfx_spim.c
  CC        ../../nrf52x-base//sdk/nrf5_sdk_15.3.0/modules/nrfx/drivers/src/nrfx_timer.c
  CC        ../../nrf52x-base//sdk/nrf5_sdk_15.3.0/modules/nrfx/drivers/src/nrfx_twi.c
  CC        ../../nrf52x-base//sdk/nrf5_sdk_15.3.0/modules/nrfx/drivers/src/nrfx_twim.c
  CC        ../../nrf52x-base//sdk/nrf5_sdk_15.3.0/modules/nrfx/drivers/src/nrfx_uart.c
  CC        ../../nrf52x-base//sdk/nrf5_sdk_15.3.0/modules/nrfx/drivers/src/nrfx_uarte.c
  CC        ../../nrf52x-base//sdk/nrf5_sdk_15.3.0/modules/nrfx/mdk/system_nrf52840.c
  CC        ../../nrf52x-base//sdk/nrf5_sdk_15.3.0/components/libraries/util/app_error_weak.c
  CC        ../../nrf52x-base//sdk/nrf5_sdk_15.3.0/modules/nrfx/mdk/gcc_startup_nrf52840.S
  AS        _build/gcc_startup_nrf52840.s
  LD        _build/printf_sdk15_blank.elf
 HEX        _build/printf_sdk15_blank.hex
 BIN        _build/printf_sdk15_blank.hex
 SIZE       _build/printf_sdk15_blank.elf
   text	   data	    bss	    dec	    hex	filename
  38004	   2496	   2644	  43144	   a888	_build/printf_sdk15_blank.elf
SEGGER J-Link Commander V6.94a (Compiled Jan 14 2021 11:47:48)
DLL version V6.94a, compiled Jan 14 2021 11:47:42


J-Link Command File read successfully.
Processing script file...

J-Link connection not established yet but required for command.
Connecting to J-Link via USB...O.K.
Firmware: J-Link OB-SAM3U128-V2-NordicSemi compiled Mar 17 2020 14:43:00
Hardware version: V1.00
S/N: 683384514
License(s): RDI, FlashBP, FlashDL, JFlash, GDB
VTref=3.300V
Target connection not established yet but required for command.
Device "NRF52840_XXAA" selected.


Connecting to target via SWD
InitTarget() start
InitTarget() end
Found SW-DP with ID 0x2BA01477
DPIDR: 0x2BA01477
Scanning AP map to find all available APs
AP[2]: Stopped AP scan as end of AP map has been reached
AP[0]: AHB-AP (IDR: 0x24770011)
AP[1]: JTAG-AP (IDR: 0x02880000)
Iterating through AP map to find AHB-AP to use
AP[0]: Core found
AP[0]: AHB-AP ROM base: 0xE00FF000
CPUID register: 0x410FC241. Implementer code: 0x41 (ARM)
Found Cortex-M4 r0p1, Little endian.
FPUnit: 6 code (BP) slots and 2 literal slots
CoreSight components:
ROMTbl[0] @ E00FF000
ROMTbl[0][0]: E000E000, CID: B105E00D, PID: 000BB00C SCS-M7
ROMTbl[0][1]: E0001000, CID: B105E00D, PID: 003BB002 DWT
ROMTbl[0][2]: E0002000, CID: B105E00D, PID: 002BB003 FPB
ROMTbl[0][3]: E0000000, CID: B105E00D, PID: 003BB001 ITM
ROMTbl[0][4]: E0040000, CID: B105900D, PID: 000BB9A1 TPIU
ROMTbl[0][5]: E0041000, CID: B105900D, PID: 000BB925 ETM
Cortex-M4 identified.
Reset delay: 0 ms
Reset type NORMAL: Resets core & peripherals via SYSRESETREQ & VECTRESET bit.
Reset: Halt core after reset via DEMCR.VC_CORERESET.
Reset: Reset device via AIRCR.SYSRESETREQ.

Downloading file [_build/printf_sdk15_blank.hex]...
J-Link: Flash download: Bank 0 @ 0x00000000: 1 range affected (40960 bytes)
J-Link: Flash download: Total: 3.680s (Prepare: 0.805s, Compare: 0.069s, Erase: 0.914s, Program & Verify: 1.866s, Restore: 0.025s)
J-Link: Flash download: Program & Verify speed: 21 KB/s
O.K.

Reset delay: 0 ms
Reset type NORMAL: Resets core & peripherals via SYSRESETREQ & VECTRESET bit.
Reset: Halt core after reset via DEMCR.VC_CORERESET.
Reset: Reset device via AIRCR.SYSRESETREQ.



Script processing completed.

(base) sgh185s-MacBook-Pro:printf sgh185$ make rtt
BUILD OPTIONS:
  Version     f57a
  Chip        nrf52840
  RAM         256 kB
  FLASH       1024 kB
  SDK         15
  SoftDevice  blank 0
  Board       PCA10056
 
osascript -e 'tell application "Terminal" to do script "JLinkExe -device nrf52840_xxaa -if swd -speed 4000 -RTTTelnetPort 47031 -AutoConnect 1"'
tab 1 of window id 1654
sleep 1
osascript -e 'tell application "Terminal" to do script "JLinkRTTClient -RTTTelnetPort 47031"'
tab 1 of window id 1655
